<?xml version="1.0" encoding="UTF-8"?>
<!-- Generated by org.testng.reporters.JUnitReportReporter -->
<testsuite hostname="NODE1092" name="com.sample.data.SampleTestScript" tests="1" failures="0" timestamp="2 Oct 2018 08:08:13 GMT" time="0.009" errors="0">
  <testcase name="string" time="0.009" classname="com.sample.data.SampleTestScript"/>
</testsuite> <!-- com.sample.data.SampleTestScript -->
