<?xml version="1.0" encoding="UTF-8"?>
<!-- Generated by org.testng.reporters.JUnitReportReporter -->
<testsuite hostname="NODE1092" name="com.pages.Notepad" tests="1" failures="0" timestamp="25 Sep 2018 14:09:23 GMT" time="0.008" errors="0">
  <testcase name="Cosmos_Sephora_Cust_Purchase_Metrics" time="0.008" classname="com.pages.Notepad"/>
</testsuite> <!-- com.pages.Notepad -->
