<?xml version="1.0" encoding="UTF-8"?>
<!-- Generated by org.testng.reporters.JUnitReportReporter -->
<testsuite hostname="NODE1092" name="com.pages.SampleDataForSampleFile" tests="1" failures="0" timestamp="26 Sep 2018 13:40:34 GMT" time="0.012" errors="0">
  <testcase name="Cosmos_Sephora_Cust_Classes_Metrics" time="0.012" classname="com.pages.SampleDataForSampleFile"/>
</testsuite> <!-- com.pages.SampleDataForSampleFile -->
