<?xml version="1.0" encoding="UTF-8"?>
<!-- Generated by org.testng.reporters.JUnitReportReporter -->
<testsuite hostname="NODE1092" name="com.adobe.framework.ExtentReport" tests="1" failures="0" timestamp="23 Sep 2018 14:37:33 GMT" time="0.362" errors="0">
  <testcase name="extentReport" time="0.362" classname="com.adobe.framework.ExtentReport"/>
</testsuite> <!-- com.adobe.framework.ExtentReport -->
