<?xml version="1.0" encoding="UTF-8"?>
<!-- Generated by org.testng.reporters.JUnitReportReporter -->
<testsuite hostname="NODE1092" name="com.sample.data.SampleDataForSampleFile" tests="1" failures="0" timestamp="6 Oct 2018 21:06:17 GMT" time="0.011" errors="0">
  <testcase name="creationColumn" time="0.011" classname="com.sample.data.SampleDataForSampleFile"/>
</testsuite> <!-- com.sample.data.SampleDataForSampleFile -->
