<?xml version="1.0" encoding="UTF-8"?>
<!-- Generated by org.testng.reporters.JUnitReportReporter -->
<testsuite hostname="NODE1092" name="com.workflows.CustomerPreference" tests="1" failures="0" timestamp="9 Oct 2018 15:03:33 GMT" time="24.902" errors="0">
  <testcase name="startCustomerPreference" time="24.902" classname="com.workflows.CustomerPreference"/>
</testsuite> <!-- com.workflows.CustomerPreference -->
