<?xml version="1.0" encoding="UTF-8"?>
<!-- Generated by org.testng.reporters.JUnitReportReporter -->
<testsuite hostname="NODE1092" name="com.adobe.app.Applicatioon" tests="1" failures="0" timestamp="1 Oct 2018 13:55:52 GMT" time="20.031" errors="0">
  <testcase name="app" time="20.031" classname="com.adobe.app.Applicatioon"/>
</testsuite> <!-- com.adobe.app.Applicatioon -->
