<?xml version="1.0" encoding="UTF-8"?>
<!-- Generated by org.testng.reporters.JUnitReportReporter -->
<testsuite hostname="NODE1092" name="com.adobe.framework.BrowserConfig" tests="1" failures="0" timestamp="9 Oct 2018 14:55:06 GMT" time="0.005" errors="0">
  <testcase name="test" time="0.005" classname="com.adobe.framework.BrowserConfig"/>
</testsuite> <!-- com.adobe.framework.BrowserConfig -->
