<?xml version="1.0" encoding="UTF-8"?>
<!-- Generated by org.testng.reporters.JUnitReportReporter -->
<testsuite hostname="NODE1092" name="com.workflows.CustomerPreference" tests="1" failures="0" timestamp="24 Oct 2018 18:20:08 GMT" time="21.222" errors="0">
  <testcase name="startCustomerPreference" time="21.222" classname="com.workflows.CustomerPreference"/>
</testsuite> <!-- com.workflows.CustomerPreference -->
