<?xml version="1.0" encoding="UTF-8"?>
<!-- Generated by org.testng.reporters.JUnitReportReporter -->
<testsuite hostname="NODE1092" name="com.adobe.utils.PropReader" tests="1" failures="0" timestamp="6 Oct 2018 14:20:29 GMT" time="0.009" errors="0">
  <testcase name="getDecordPropery" time="0.009" classname="com.adobe.utils.PropReader"/>
</testsuite> <!-- com.adobe.utils.PropReader -->
