<?xml version="1.0" encoding="UTF-8"?>
<!-- Generated by org.testng.reporters.JUnitReportReporter -->
<testsuite hostname="NODE1092" name="com.pages.LoginPage" tests="1" failures="0" timestamp="6 Oct 2018 19:28:42 GMT" time="4.119" errors="0">
  <testcase name="test" time="4.119" classname="com.pages.LoginPage"/>
</testsuite> <!-- com.pages.LoginPage -->
