<?xml version="1.0" encoding="UTF-8"?>
<!-- Generated by org.testng.reporters.JUnitReportReporter -->
<testsuite hostname="NODE1092" name="com.pages.Enrypt" tests="1" failures="0" timestamp="1 Oct 2018 08:35:13 GMT" time="0.308" errors="0">
  <testcase name="calling" time="0.308" classname="com.pages.Enrypt"/>
</testsuite> <!-- com.pages.Enrypt -->
