<?xml version="1.0" encoding="UTF-8"?>
<!-- Generated by org.testng.reporters.JUnitReportReporter -->
<testsuite hostname="NODE1092" name="com.adobe.utils.PropertyRead" tests="1" failures="0" timestamp="3 Oct 2018 13:05:34 GMT" time="0.011" errors="0">
  <testcase name="readProp" time="0.011" classname="com.adobe.utils.PropertyRead"/>
</testsuite> <!-- com.adobe.utils.PropertyRead -->
