<?xml version="1.0" encoding="UTF-8"?>
<!-- Generated by org.testng.reporters.JUnitReportReporter -->
<testsuite hostname="NODE1092" name="com.pages.TestTesng" tests="4" failures="0" timestamp="19 Oct 2018 09:38:10 GMT" time="0.001" errors="0">
  <testcase name="third" time="0.000" classname="com.pages.TestTesng"/>
  <testcase name="fourth" time="0.000" classname="com.pages.TestTesng"/>
  <testcase name="first" time="0.001" classname="com.pages.TestTesng"/>
  <testcase name="second" time="0.000" classname="com.pages.TestTesng"/>
</testsuite> <!-- com.pages.TestTesng -->
